reading csv data
Dropping null values
Training rf regressor model
Mean Absolute Error is 490227.595433615 and Mean squared Error is 22063908636976.758
reading csv data
Dropping null values
Traceback (most recent call last):
  File "/home/ebony_maw_0/code/Model_Training_function.py", line 65, in <module>
    train_model()
  File "/home/ebony_maw_0/code/Model_Training_function.py", line 33, in train_model
    y_train_scaled = pd.DataFrame(scaler_y.fit_transform(y_train),columns=target)
  File "/home/ebony_maw_0/.local/lib/python3.9/site-packages/sklearn/utils/_set_output.py", line 140, in wrapped
    data_to_wrap = f(self, X, *args, **kwargs)
  File "/home/ebony_maw_0/.local/lib/python3.9/site-packages/sklearn/base.py", line 878, in fit_transform
    return self.fit(X, **fit_params).transform(X)
  File "/home/ebony_maw_0/.local/lib/python3.9/site-packages/sklearn/preprocessing/_data.py", line 824, in fit
    return self.partial_fit(X, y, sample_weight)
  File "/home/ebony_maw_0/.local/lib/python3.9/site-packages/sklearn/preprocessing/_data.py", line 861, in partial_fit
    X = self._validate_data(
  File "/home/ebony_maw_0/.local/lib/python3.9/site-packages/sklearn/base.py", line 565, in _validate_data
    X = check_array(X, input_name="X", **check_params)
  File "/home/ebony_maw_0/.local/lib/python3.9/site-packages/sklearn/utils/validation.py", line 902, in check_array
    raise ValueError(
ValueError: Expected 2D array, got 1D array instead:
array=[  1200. 285200. 136700. ...  78300.   4800.  27200.].
Reshape your data either using array.reshape(-1, 1) if your data has a single feature or array.reshape(1, -1) if it contains a single sample.
reading csv data
Dropping null values
Training rf regressor model
Mean Absolute Error is 0.07086791917969394 and Mean squared Error is 0.8226338565338978
reading csv data
Dropping null values
Training rf regressor model
Mean Absolute Error is 0.07066602272927036 and Mean squared Error is 0.8249803701391314
reading csv data
Dropping null values
Training rf regressor model
Mean Absolute Error is 0.07053992048554147 and Mean squared Error is 0.8162533176245566
reading csv data
Dropping null values
Training rf regressor model
Mean Absolute Error is 0.07068955749367739 and Mean squared Error is 0.8220512786133817
